{
  "RSpec": {
    "coverage": {
      "/home/t24good/tic-tac-toe-rb-online-web-sp-000/lib/tic_tac_toe.rb": [
        null,
        1,
        null,
        null,
        null,
        null,
        null,
        null,
        null,
        null,
        null,
        null,
        null,
        1,
        4,
        4,
        4,
        4,
        4,
        null,
        null,
        1,
        6,
        null,
        null,
        1,
        5,
        null,
        null,
        null,
        1,
        8,
        null,
        null,
        1,
        6,
        null,
        null,
        1,
        3,
        3,
        3,
        null,
        3,
        2,
        2,
        2,
        null,
        1,
        1,
        null,
        null,
        null,
        1,
        6,
        54,
        null,
        null,
        null,
        1,
        5,
        null,
        null,
        1,
        13,
        90,
        90,
        90,
        null,
        90,
        null,
        null,
        null,
        null,
        null,
        1,
        8,
        51,
        null,
        null,
        null,
        1,
        7,
        null,
        null,
        1,
        3,
        null,
        null,
        1,
        3,
        null
      ]
    },
    "timestamp": 1619899220
  }
}
